2023-05-13 01:21:21.140  INFO 8944 --- [restartedMain] c.i.b.ZavrsniRadBackendApplication       : Starting ZavrsniRadBackendApplication using Java 17.0.6 on DESKTOP-IDPT4SL with PID 8944 (C:\Projects\workspaceIKTPreobuka\zavrsni_rad_backend\target\classes started by Pricamo in C:\Projects\workspaceIKTPreobuka\zavrsni_rad_backend)
2023-05-13 01:21:21.143  INFO 8944 --- [restartedMain] c.i.b.ZavrsniRadBackendApplication       : No active profile set, falling back to 1 default profile: "default"
2023-05-13 01:21:21.173  INFO 8944 --- [restartedMain] .e.DevToolsPropertyDefaultsPostProcessor : Devtools property defaults active! Set 'spring.devtools.add-properties' to 'false' to disable
2023-05-13 01:21:21.173  INFO 8944 --- [restartedMain] .e.DevToolsPropertyDefaultsPostProcessor : For additional web related logging consider setting the 'logging.level.web' property to 'DEBUG'
2023-05-13 01:21:21.696  INFO 8944 --- [restartedMain] .s.d.r.c.RepositoryConfigurationDelegate : Bootstrapping Spring Data JPA repositories in DEFAULT mode.
2023-05-13 01:21:21.739  INFO 8944 --- [restartedMain] .s.d.r.c.RepositoryConfigurationDelegate : Finished Spring Data repository scanning in 38 ms. Found 9 JPA repository interfaces.
2023-05-13 01:21:22.050  INFO 8944 --- [restartedMain] o.s.b.w.embedded.tomcat.TomcatWebServer  : Tomcat initialized with port(s): 8080 (http)
2023-05-13 01:21:22.056  INFO 8944 --- [restartedMain] o.apache.catalina.core.StandardService   : Starting service [Tomcat]
2023-05-13 01:21:22.056  INFO 8944 --- [restartedMain] org.apache.catalina.core.StandardEngine  : Starting Servlet engine: [Apache Tomcat/9.0.71]
2023-05-13 01:21:22.096  INFO 8944 --- [restartedMain] o.a.c.c.C.[Tomcat].[localhost].[/]       : Initializing Spring embedded WebApplicationContext
2023-05-13 01:21:22.096  INFO 8944 --- [restartedMain] w.s.c.ServletWebServerApplicationContext : Root WebApplicationContext: initialization completed in 922 ms
2023-05-13 01:21:22.339  INFO 8944 --- [restartedMain] com.zaxxer.hikari.HikariDataSource       : HikariPool-1 - Starting...
2023-05-13 01:21:22.501  INFO 8944 --- [restartedMain] com.zaxxer.hikari.HikariDataSource       : HikariPool-1 - Start completed.
2023-05-13 01:21:23.047  INFO 8944 --- [restartedMain] j.LocalContainerEntityManagerFactoryBean : Initialized JPA EntityManagerFactory for persistence unit 'default'
2023-05-13 01:21:23.283  WARN 8944 --- [restartedMain] JpaBaseConfiguration$JpaWebConfiguration : spring.jpa.open-in-view is enabled by default. Therefore, database queries may be performed during view rendering. Explicitly configure spring.jpa.open-in-view to disable this warning
2023-05-13 01:21:23.411  WARN 8944 --- [restartedMain] ion$DefaultTemplateResolverConfiguration : Cannot find template location: classpath:/templates/ (please add some templates, check your Thymeleaf configuration, or set spring.thymeleaf.check-template-location=false)
2023-05-13 01:21:23.459  WARN 8944 --- [restartedMain] o.s.b.d.a.OptionalLiveReloadServer       : Unable to start LiveReload server
2023-05-13 01:21:23.470  WARN 8944 --- [restartedMain] ConfigServletWebServerApplicationContext : Exception encountered during context initialization - cancelling refresh attempt: org.springframework.context.ApplicationContextException: Failed to start bean 'webServerStartStop'; nested exception is org.springframework.boot.web.server.PortInUseException: Port 8080 is already in use
2023-05-13 01:21:23.472  INFO 8944 --- [restartedMain] j.LocalContainerEntityManagerFactoryBean : Closing JPA EntityManagerFactory for persistence unit 'default'
2023-05-13 01:21:23.474  INFO 8944 --- [restartedMain] com.zaxxer.hikari.HikariDataSource       : HikariPool-1 - Shutdown initiated...
2023-05-13 01:21:23.477  INFO 8944 --- [restartedMain] com.zaxxer.hikari.HikariDataSource       : HikariPool-1 - Shutdown completed.
2023-05-13 01:21:23.479  INFO 8944 --- [restartedMain] o.apache.catalina.core.StandardService   : Stopping service [Tomcat]
2023-05-13 01:21:23.485  INFO 8944 --- [restartedMain] ConditionEvaluationReportLoggingListener : 

Error starting ApplicationContext. To display the conditions report re-run your application with 'debug' enabled.
2023-05-13 01:21:23.496 ERROR 8944 --- [restartedMain] o.s.b.d.LoggingFailureAnalysisReporter   : 

***************************
APPLICATION FAILED TO START
***************************

Description:

Web server failed to start. Port 8080 was already in use.

Action:

Identify and stop the process that's listening on port 8080 or configure this application to listen on another port.

2023-05-13 01:21:29.387  INFO 1420 --- [restartedMain] c.i.b.ZavrsniRadBackendApplication       : Starting ZavrsniRadBackendApplication using Java 17.0.6 on DESKTOP-IDPT4SL with PID 1420 (C:\Projects\workspaceIKTPreobuka\zavrsni_rad_backend\target\classes started by Pricamo in C:\Projects\workspaceIKTPreobuka\zavrsni_rad_backend)
2023-05-13 01:21:29.388  INFO 1420 --- [restartedMain] c.i.b.ZavrsniRadBackendApplication       : No active profile set, falling back to 1 default profile: "default"
2023-05-13 01:21:29.411  INFO 1420 --- [restartedMain] .e.DevToolsPropertyDefaultsPostProcessor : Devtools property defaults active! Set 'spring.devtools.add-properties' to 'false' to disable
2023-05-13 01:21:29.411  INFO 1420 --- [restartedMain] .e.DevToolsPropertyDefaultsPostProcessor : For additional web related logging consider setting the 'logging.level.web' property to 'DEBUG'
2023-05-13 01:21:29.730  INFO 1420 --- [restartedMain] .s.d.r.c.RepositoryConfigurationDelegate : Bootstrapping Spring Data JPA repositories in DEFAULT mode.
2023-05-13 01:21:29.773  INFO 1420 --- [restartedMain] .s.d.r.c.RepositoryConfigurationDelegate : Finished Spring Data repository scanning in 39 ms. Found 9 JPA repository interfaces.
2023-05-13 01:21:30.077  INFO 1420 --- [restartedMain] o.s.b.w.embedded.tomcat.TomcatWebServer  : Tomcat initialized with port(s): 8080 (http)
2023-05-13 01:21:30.083  INFO 1420 --- [restartedMain] o.apache.catalina.core.StandardService   : Starting service [Tomcat]
2023-05-13 01:21:30.083  INFO 1420 --- [restartedMain] org.apache.catalina.core.StandardEngine  : Starting Servlet engine: [Apache Tomcat/9.0.71]
2023-05-13 01:21:30.122  INFO 1420 --- [restartedMain] o.a.c.c.C.[Tomcat].[localhost].[/]       : Initializing Spring embedded WebApplicationContext
2023-05-13 01:21:30.122  INFO 1420 --- [restartedMain] w.s.c.ServletWebServerApplicationContext : Root WebApplicationContext: initialization completed in 710 ms
2023-05-13 01:21:30.365  INFO 1420 --- [restartedMain] com.zaxxer.hikari.HikariDataSource       : HikariPool-1 - Starting...
2023-05-13 01:21:30.531  INFO 1420 --- [restartedMain] com.zaxxer.hikari.HikariDataSource       : HikariPool-1 - Start completed.
2023-05-13 01:21:31.077  INFO 1420 --- [restartedMain] j.LocalContainerEntityManagerFactoryBean : Initialized JPA EntityManagerFactory for persistence unit 'default'
2023-05-13 01:21:31.322  WARN 1420 --- [restartedMain] JpaBaseConfiguration$JpaWebConfiguration : spring.jpa.open-in-view is enabled by default. Therefore, database queries may be performed during view rendering. Explicitly configure spring.jpa.open-in-view to disable this warning
2023-05-13 01:21:31.448  WARN 1420 --- [restartedMain] ion$DefaultTemplateResolverConfiguration : Cannot find template location: classpath:/templates/ (please add some templates, check your Thymeleaf configuration, or set spring.thymeleaf.check-template-location=false)
2023-05-13 01:21:31.498  INFO 1420 --- [restartedMain] o.s.b.d.a.OptionalLiveReloadServer       : LiveReload server is running on port 35729
2023-05-13 01:21:31.518  INFO 1420 --- [restartedMain] o.s.b.w.embedded.tomcat.TomcatWebServer  : Tomcat started on port(s): 8080 (http) with context path ''
2023-05-13 01:21:31.523  INFO 1420 --- [restartedMain] c.i.b.ZavrsniRadBackendApplication       : Started ZavrsniRadBackendApplication in 2.334 seconds (JVM running for 2.733)
2023-05-13 01:21:34.389  INFO 1420 --- [http-nio-8080-exec-1] o.a.c.c.C.[Tomcat].[localhost].[/]       : Initializing Spring DispatcherServlet 'dispatcherServlet'
2023-05-13 01:21:34.389  INFO 1420 --- [http-nio-8080-exec-1] o.s.web.servlet.DispatcherServlet        : Initializing Servlet 'dispatcherServlet'
2023-05-13 01:21:34.390  INFO 1420 --- [http-nio-8080-exec-1] o.s.web.servlet.DispatcherServlet        : Completed initialization in 0 ms
2023-05-13 01:21:34.493  INFO 1420 --- [http-nio-8080-exec-1] c.i.backend.services.PredmetServiceImpl  : poslat je zahtev za iscitavanje svih predmeta
2023-05-13 01:21:34.493  INFO 1420 --- [http-nio-8080-exec-1] c.i.b.controllers.PredmetControler       : predmeti su pronadjeni
2023-05-13 01:21:34.548  INFO 1420 --- [http-nio-8080-exec-2] c.i.backend.services.PredmetServiceImpl  : poslat je zahtev za iscitavanje svih predmeta
2023-05-13 01:21:34.548  INFO 1420 --- [http-nio-8080-exec-2] c.i.b.controllers.PredmetControler       : predmeti su pronadjeni
2023-05-13 01:23:10.201  INFO 1420 --- [http-nio-8080-exec-5] c.i.backend.services.PredmetServiceImpl  : poslat je zahtev za iscitavanje svih predmeta
2023-05-13 01:23:10.201  INFO 1420 --- [http-nio-8080-exec-5] c.i.b.controllers.PredmetControler       : predmeti su pronadjeni
2023-05-13 01:23:33.400  INFO 1420 --- [RMI TCP Connection(4)-127.0.0.1] inMXBeanRegistrar$SpringApplicationAdmin : Application shutdown requested.
2023-05-13 01:23:33.404  INFO 1420 --- [RMI TCP Connection(4)-127.0.0.1] o.apache.catalina.core.StandardService   : Stopping service [Tomcat]
2023-05-13 01:23:33.405  INFO 1420 --- [RMI TCP Connection(4)-127.0.0.1] o.a.c.c.C.[Tomcat].[localhost].[/]       : Destroying Spring FrameworkServlet 'dispatcherServlet'
2023-05-13 01:23:33.410  INFO 1420 --- [RMI TCP Connection(4)-127.0.0.1] j.LocalContainerEntityManagerFactoryBean : Closing JPA EntityManagerFactory for persistence unit 'default'
2023-05-13 01:23:33.411  INFO 1420 --- [RMI TCP Connection(4)-127.0.0.1] com.zaxxer.hikari.HikariDataSource       : HikariPool-1 - Shutdown initiated...
2023-05-13 01:23:33.415  INFO 1420 --- [RMI TCP Connection(4)-127.0.0.1] com.zaxxer.hikari.HikariDataSource       : HikariPool-1 - Shutdown completed.
2023-05-13 01:37:34.129  INFO 17432 --- [restartedMain] c.i.b.ZavrsniRadBackendApplication       : Starting ZavrsniRadBackendApplication using Java 17.0.6 on DESKTOP-IDPT4SL with PID 17432 (C:\Projects\workspaceIKTPreobuka\zavrsni_rad_backend\target\classes started by Pricamo in C:\Projects\workspaceIKTPreobuka\zavrsni_rad_backend)
2023-05-13 01:37:34.130  INFO 17432 --- [restartedMain] c.i.b.ZavrsniRadBackendApplication       : No active profile set, falling back to 1 default profile: "default"
2023-05-13 01:37:34.153  INFO 17432 --- [restartedMain] .e.DevToolsPropertyDefaultsPostProcessor : Devtools property defaults active! Set 'spring.devtools.add-properties' to 'false' to disable
2023-05-13 01:37:34.154  INFO 17432 --- [restartedMain] .e.DevToolsPropertyDefaultsPostProcessor : For additional web related logging consider setting the 'logging.level.web' property to 'DEBUG'
2023-05-13 01:37:34.470  INFO 17432 --- [restartedMain] .s.d.r.c.RepositoryConfigurationDelegate : Bootstrapping Spring Data JPA repositories in DEFAULT mode.
2023-05-13 01:37:34.512  INFO 17432 --- [restartedMain] .s.d.r.c.RepositoryConfigurationDelegate : Finished Spring Data repository scanning in 37 ms. Found 9 JPA repository interfaces.
2023-05-13 01:37:34.804  INFO 17432 --- [restartedMain] o.s.b.w.embedded.tomcat.TomcatWebServer  : Tomcat initialized with port(s): 8080 (http)
2023-05-13 01:37:34.809  INFO 17432 --- [restartedMain] o.apache.catalina.core.StandardService   : Starting service [Tomcat]
2023-05-13 01:37:34.810  INFO 17432 --- [restartedMain] org.apache.catalina.core.StandardEngine  : Starting Servlet engine: [Apache Tomcat/9.0.71]
2023-05-13 01:37:34.854  INFO 17432 --- [restartedMain] o.a.c.c.C.[Tomcat].[localhost].[/]       : Initializing Spring embedded WebApplicationContext
2023-05-13 01:37:34.854  INFO 17432 --- [restartedMain] w.s.c.ServletWebServerApplicationContext : Root WebApplicationContext: initialization completed in 700 ms
2023-05-13 01:37:35.097  INFO 17432 --- [restartedMain] com.zaxxer.hikari.HikariDataSource       : HikariPool-1 - Starting...
2023-05-13 01:37:35.258  INFO 17432 --- [restartedMain] com.zaxxer.hikari.HikariDataSource       : HikariPool-1 - Start completed.
2023-05-13 01:37:35.795  INFO 17432 --- [restartedMain] j.LocalContainerEntityManagerFactoryBean : Initialized JPA EntityManagerFactory for persistence unit 'default'
2023-05-13 01:37:36.031  WARN 17432 --- [restartedMain] JpaBaseConfiguration$JpaWebConfiguration : spring.jpa.open-in-view is enabled by default. Therefore, database queries may be performed during view rendering. Explicitly configure spring.jpa.open-in-view to disable this warning
2023-05-13 01:37:36.158  WARN 17432 --- [restartedMain] ion$DefaultTemplateResolverConfiguration : Cannot find template location: classpath:/templates/ (please add some templates, check your Thymeleaf configuration, or set spring.thymeleaf.check-template-location=false)
2023-05-13 01:37:36.207  INFO 17432 --- [restartedMain] o.s.b.d.a.OptionalLiveReloadServer       : LiveReload server is running on port 35729
2023-05-13 01:37:36.226  INFO 17432 --- [restartedMain] o.s.b.w.embedded.tomcat.TomcatWebServer  : Tomcat started on port(s): 8080 (http) with context path ''
2023-05-13 01:37:36.232  INFO 17432 --- [restartedMain] c.i.b.ZavrsniRadBackendApplication       : Started ZavrsniRadBackendApplication in 2.299 seconds (JVM running for 2.692)
2023-05-13 01:37:40.503  INFO 17432 --- [http-nio-8080-exec-1] o.a.c.c.C.[Tomcat].[localhost].[/]       : Initializing Spring DispatcherServlet 'dispatcherServlet'
2023-05-13 01:37:40.504  INFO 17432 --- [http-nio-8080-exec-1] o.s.web.servlet.DispatcherServlet        : Initializing Servlet 'dispatcherServlet'
2023-05-13 01:37:40.504  INFO 17432 --- [http-nio-8080-exec-1] o.s.web.servlet.DispatcherServlet        : Completed initialization in 0 ms
2023-05-13 01:37:40.599  INFO 17432 --- [http-nio-8080-exec-1] c.i.backend.services.PredmetServiceImpl  : poslat je zahtev za iscitavanje svih predmeta
2023-05-13 01:37:40.599  INFO 17432 --- [http-nio-8080-exec-1] c.i.b.controllers.PredmetControler       : predmeti su pronadjeni
2023-05-13 01:37:40.645  INFO 17432 --- [http-nio-8080-exec-2] c.i.backend.services.PredmetServiceImpl  : poslat je zahtev za iscitavanje svih predmeta
2023-05-13 01:37:40.646  INFO 17432 --- [http-nio-8080-exec-2] c.i.b.controllers.PredmetControler       : predmeti su pronadjeni
2023-05-13 01:38:04.309  INFO 17432 --- [http-nio-8080-exec-3] c.i.backend.services.PredmetServiceImpl  : poslat je zahtev za iscitavanje svih predmeta
2023-05-13 01:38:04.309  INFO 17432 --- [http-nio-8080-exec-3] c.i.b.controllers.PredmetControler       : predmeti su pronadjeni
2023-05-13 01:38:05.190  INFO 17432 --- [http-nio-8080-exec-4] c.i.backend.services.PredmetServiceImpl  : poslat je zahtev za iscitavanje svih predmeta
2023-05-13 01:38:05.190  INFO 17432 --- [http-nio-8080-exec-4] c.i.b.controllers.PredmetControler       : predmeti su pronadjeni
2023-05-13 01:40:40.130  INFO 17432 --- [http-nio-8080-exec-7] c.i.backend.services.PredmetServiceImpl  : poslat je zahtev za iscitavanje svih predmeta
2023-05-13 01:40:40.130  INFO 17432 --- [http-nio-8080-exec-7] c.i.b.controllers.PredmetControler       : predmeti su pronadjeni
2023-05-13 01:40:40.138  INFO 17432 --- [http-nio-8080-exec-8] c.i.backend.services.PredmetServiceImpl  : poslat je zahtev za iscitavanje svih predmeta
2023-05-13 01:40:40.138  INFO 17432 --- [http-nio-8080-exec-8] c.i.b.controllers.PredmetControler       : predmeti su pronadjeni
2023-05-13 01:40:40.188  INFO 17432 --- [http-nio-8080-exec-9] c.i.backend.services.PredmetServiceImpl  : poslat je zahtev za iscitavanje svih predmeta
2023-05-13 01:40:40.188  INFO 17432 --- [http-nio-8080-exec-9] c.i.b.controllers.PredmetControler       : predmeti su pronadjeni
2023-05-13 01:40:40.195  INFO 17432 --- [http-nio-8080-exec-10] c.i.backend.services.PredmetServiceImpl  : poslat je zahtev za iscitavanje svih predmeta
2023-05-13 01:40:40.195  INFO 17432 --- [http-nio-8080-exec-10] c.i.b.controllers.PredmetControler       : predmeti su pronadjeni
2023-05-13 01:43:07.682  WARN 17432 --- [http-nio-8080-exec-8] c.i.b.controllers.PredmetControler       : Ne postoji predmet sa ovim idjem
2023-05-13 01:43:08.200  WARN 17432 --- [http-nio-8080-exec-9] c.i.b.controllers.PredmetControler       : Ne postoji predmet sa ovim idjem
2023-05-13 01:43:31.216  WARN 17432 --- [http-nio-8080-exec-10] c.i.b.controllers.PredmetControler       : Ne postoji predmet sa ovim idjem
2023-05-13 01:43:32.197  WARN 17432 --- [http-nio-8080-exec-1] c.i.b.controllers.PredmetControler       : Ne postoji predmet sa ovim idjem
2023-05-13 01:43:43.852  WARN 17432 --- [http-nio-8080-exec-2] c.i.b.controllers.PredmetControler       : Ne postoji predmet sa ovim idjem
2023-05-13 01:43:43.856  WARN 17432 --- [http-nio-8080-exec-3] c.i.b.controllers.PredmetControler       : Ne postoji predmet sa ovim idjem
2023-05-13 01:44:50.384  INFO 17432 --- [http-nio-8080-exec-4] c.i.backend.services.PredmetServiceImpl  : poslat je zahtev za trazenje predmeta po id-ju
2023-05-13 01:44:50.385  INFO 17432 --- [http-nio-8080-exec-4] c.i.b.controllers.PredmetControler       : predmet je prodnadjen
2023-05-13 01:44:51.192  INFO 17432 --- [http-nio-8080-exec-5] c.i.backend.services.PredmetServiceImpl  : poslat je zahtev za trazenje predmeta po id-ju
2023-05-13 01:44:51.192  INFO 17432 --- [http-nio-8080-exec-5] c.i.b.controllers.PredmetControler       : predmet je prodnadjen
2023-05-13 01:45:38.627  INFO 17432 --- [http-nio-8080-exec-6] c.i.backend.services.PredmetServiceImpl  : poslat je zahtev za trazenje predmeta po id-ju
2023-05-13 01:45:38.628  INFO 17432 --- [http-nio-8080-exec-6] c.i.b.controllers.PredmetControler       : predmet je prodnadjen
2023-05-13 01:45:39.198  INFO 17432 --- [http-nio-8080-exec-7] c.i.backend.services.PredmetServiceImpl  : poslat je zahtev za trazenje predmeta po id-ju
2023-05-13 01:45:39.198  INFO 17432 --- [http-nio-8080-exec-7] c.i.b.controllers.PredmetControler       : predmet je prodnadjen
2023-05-13 01:45:48.360  INFO 17432 --- [http-nio-8080-exec-10] c.i.backend.services.PredmetServiceImpl  : poslat je zahtev za iscitavanje svih predmeta
2023-05-13 01:45:48.360  INFO 17432 --- [http-nio-8080-exec-10] c.i.b.controllers.PredmetControler       : predmeti su pronadjeni
2023-05-13 01:45:49.189  INFO 17432 --- [http-nio-8080-exec-1] c.i.backend.services.PredmetServiceImpl  : poslat je zahtev za iscitavanje svih predmeta
2023-05-13 01:45:49.189  INFO 17432 --- [http-nio-8080-exec-1] c.i.b.controllers.PredmetControler       : predmeti su pronadjeni
2023-05-13 01:45:51.530  INFO 17432 --- [http-nio-8080-exec-2] c.i.backend.services.PredmetServiceImpl  : poslat je zahtev za iscitavanje svih predmeta
2023-05-13 01:45:51.531  INFO 17432 --- [http-nio-8080-exec-2] c.i.b.controllers.PredmetControler       : predmeti su pronadjeni
2023-05-13 01:45:51.541  INFO 17432 --- [http-nio-8080-exec-3] c.i.backend.services.PredmetServiceImpl  : poslat je zahtev za iscitavanje svih predmeta
2023-05-13 01:45:51.541  INFO 17432 --- [http-nio-8080-exec-3] c.i.b.controllers.PredmetControler       : predmeti su pronadjeni
2023-05-13 01:45:57.864  INFO 17432 --- [RMI TCP Connection(13)-127.0.0.1] inMXBeanRegistrar$SpringApplicationAdmin : Application shutdown requested.
2023-05-13 01:45:57.868  INFO 17432 --- [RMI TCP Connection(13)-127.0.0.1] o.apache.catalina.core.StandardService   : Stopping service [Tomcat]
2023-05-13 01:45:57.869  INFO 17432 --- [RMI TCP Connection(13)-127.0.0.1] o.a.c.c.C.[Tomcat].[localhost].[/]       : Destroying Spring FrameworkServlet 'dispatcherServlet'
2023-05-13 01:45:57.873  INFO 17432 --- [RMI TCP Connection(13)-127.0.0.1] j.LocalContainerEntityManagerFactoryBean : Closing JPA EntityManagerFactory for persistence unit 'default'
2023-05-13 01:45:57.875  INFO 17432 --- [RMI TCP Connection(13)-127.0.0.1] com.zaxxer.hikari.HikariDataSource       : HikariPool-1 - Shutdown initiated...
2023-05-13 01:45:57.878  INFO 17432 --- [RMI TCP Connection(13)-127.0.0.1] com.zaxxer.hikari.HikariDataSource       : HikariPool-1 - Shutdown completed.
2023-05-13 01:46:05.407  INFO 6172 --- [restartedMain] c.i.b.ZavrsniRadBackendApplication       : Starting ZavrsniRadBackendApplication using Java 17.0.6 on DESKTOP-IDPT4SL with PID 6172 (C:\Projects\workspaceIKTPreobuka\zavrsni_rad_backend\target\classes started by Pricamo in C:\Projects\workspaceIKTPreobuka\zavrsni_rad_backend)
2023-05-13 01:46:05.408  INFO 6172 --- [restartedMain] c.i.b.ZavrsniRadBackendApplication       : No active profile set, falling back to 1 default profile: "default"
2023-05-13 01:46:05.433  INFO 6172 --- [restartedMain] .e.DevToolsPropertyDefaultsPostProcessor : Devtools property defaults active! Set 'spring.devtools.add-properties' to 'false' to disable
2023-05-13 01:46:05.433  INFO 6172 --- [restartedMain] .e.DevToolsPropertyDefaultsPostProcessor : For additional web related logging consider setting the 'logging.level.web' property to 'DEBUG'
2023-05-13 01:46:05.756  INFO 6172 --- [restartedMain] .s.d.r.c.RepositoryConfigurationDelegate : Bootstrapping Spring Data JPA repositories in DEFAULT mode.
2023-05-13 01:46:05.800  INFO 6172 --- [restartedMain] .s.d.r.c.RepositoryConfigurationDelegate : Finished Spring Data repository scanning in 38 ms. Found 9 JPA repository interfaces.
2023-05-13 01:46:06.094  INFO 6172 --- [restartedMain] o.s.b.w.embedded.tomcat.TomcatWebServer  : Tomcat initialized with port(s): 8080 (http)
2023-05-13 01:46:06.099  INFO 6172 --- [restartedMain] o.apache.catalina.core.StandardService   : Starting service [Tomcat]
2023-05-13 01:46:06.099  INFO 6172 --- [restartedMain] org.apache.catalina.core.StandardEngine  : Starting Servlet engine: [Apache Tomcat/9.0.71]
2023-05-13 01:46:06.142  INFO 6172 --- [restartedMain] o.a.c.c.C.[Tomcat].[localhost].[/]       : Initializing Spring embedded WebApplicationContext
2023-05-13 01:46:06.143  INFO 6172 --- [restartedMain] w.s.c.ServletWebServerApplicationContext : Root WebApplicationContext: initialization completed in 710 ms
2023-05-13 01:46:06.384  INFO 6172 --- [restartedMain] com.zaxxer.hikari.HikariDataSource       : HikariPool-1 - Starting...
2023-05-13 01:46:06.546  INFO 6172 --- [restartedMain] com.zaxxer.hikari.HikariDataSource       : HikariPool-1 - Start completed.
2023-05-13 01:46:07.089  INFO 6172 --- [restartedMain] j.LocalContainerEntityManagerFactoryBean : Initialized JPA EntityManagerFactory for persistence unit 'default'
2023-05-13 01:46:07.326  WARN 6172 --- [restartedMain] JpaBaseConfiguration$JpaWebConfiguration : spring.jpa.open-in-view is enabled by default. Therefore, database queries may be performed during view rendering. Explicitly configure spring.jpa.open-in-view to disable this warning
2023-05-13 01:46:07.457  WARN 6172 --- [restartedMain] ion$DefaultTemplateResolverConfiguration : Cannot find template location: classpath:/templates/ (please add some templates, check your Thymeleaf configuration, or set spring.thymeleaf.check-template-location=false)
2023-05-13 01:46:07.505  INFO 6172 --- [restartedMain] o.s.b.d.a.OptionalLiveReloadServer       : LiveReload server is running on port 35729
2023-05-13 01:46:07.525  INFO 6172 --- [restartedMain] o.s.b.w.embedded.tomcat.TomcatWebServer  : Tomcat started on port(s): 8080 (http) with context path ''
2023-05-13 01:46:07.531  INFO 6172 --- [restartedMain] c.i.b.ZavrsniRadBackendApplication       : Started ZavrsniRadBackendApplication in 2.319 seconds (JVM running for 2.729)
2023-05-13 01:48:10.390  INFO 6172 --- [File Watcher] rtingClassPathChangeChangedEventListener : Restarting due to 4 class path changes (0 additions, 0 deletions, 4 modifications)
2023-05-13 01:48:10.396  INFO 6172 --- [Thread-5] o.apache.catalina.core.StandardService   : Stopping service [Tomcat]
2023-05-13 01:48:10.401  INFO 6172 --- [Thread-5] j.LocalContainerEntityManagerFactoryBean : Closing JPA EntityManagerFactory for persistence unit 'default'
2023-05-13 01:48:10.402  INFO 6172 --- [Thread-5] com.zaxxer.hikari.HikariDataSource       : HikariPool-1 - Shutdown initiated...
2023-05-13 01:48:10.406  INFO 6172 --- [Thread-5] com.zaxxer.hikari.HikariDataSource       : HikariPool-1 - Shutdown completed.
2023-05-13 01:48:10.444  INFO 6172 --- [restartedMain] c.i.b.ZavrsniRadBackendApplication       : Starting ZavrsniRadBackendApplication using Java 17.0.6 on DESKTOP-IDPT4SL with PID 6172 (C:\Projects\workspaceIKTPreobuka\zavrsni_rad_backend\target\classes started by Pricamo in C:\Projects\workspaceIKTPreobuka\zavrsni_rad_backend)
2023-05-13 01:48:10.444  INFO 6172 --- [restartedMain] c.i.b.ZavrsniRadBackendApplication       : No active profile set, falling back to 1 default profile: "default"
2023-05-13 01:48:10.541  INFO 6172 --- [restartedMain] .s.d.r.c.RepositoryConfigurationDelegate : Bootstrapping Spring Data JPA repositories in DEFAULT mode.
2023-05-13 01:48:10.562  INFO 6172 --- [restartedMain] .s.d.r.c.RepositoryConfigurationDelegate : Finished Spring Data repository scanning in 20 ms. Found 9 JPA repository interfaces.
2023-05-13 01:48:10.604  INFO 6172 --- [restartedMain] o.s.b.w.embedded.tomcat.TomcatWebServer  : Tomcat initialized with port(s): 8080 (http)
2023-05-13 01:48:10.604  INFO 6172 --- [restartedMain] o.apache.catalina.core.StandardService   : Starting service [Tomcat]
2023-05-13 01:48:10.604  INFO 6172 --- [restartedMain] org.apache.catalina.core.StandardEngine  : Starting Servlet engine: [Apache Tomcat/9.0.71]
2023-05-13 01:48:10.615  INFO 6172 --- [restartedMain] o.a.c.c.C.[Tomcat].[localhost].[/]       : Initializing Spring embedded WebApplicationContext
2023-05-13 01:48:10.615  INFO 6172 --- [restartedMain] w.s.c.ServletWebServerApplicationContext : Root WebApplicationContext: initialization completed in 170 ms
2023-05-13 01:48:10.635  INFO 6172 --- [restartedMain] com.zaxxer.hikari.HikariDataSource       : HikariPool-2 - Starting...
2023-05-13 01:48:10.642  INFO 6172 --- [restartedMain] com.zaxxer.hikari.HikariDataSource       : HikariPool-2 - Start completed.
2023-05-13 01:48:10.751  INFO 6172 --- [restartedMain] j.LocalContainerEntityManagerFactoryBean : Initialized JPA EntityManagerFactory for persistence unit 'default'
2023-05-13 01:48:10.834  WARN 6172 --- [restartedMain] JpaBaseConfiguration$JpaWebConfiguration : spring.jpa.open-in-view is enabled by default. Therefore, database queries may be performed during view rendering. Explicitly configure spring.jpa.open-in-view to disable this warning
2023-05-13 01:48:10.867  WARN 6172 --- [restartedMain] ion$DefaultTemplateResolverConfiguration : Cannot find template location: classpath:/templates/ (please add some templates, check your Thymeleaf configuration, or set spring.thymeleaf.check-template-location=false)
2023-05-13 01:48:10.879  INFO 6172 --- [restartedMain] o.s.b.d.a.OptionalLiveReloadServer       : LiveReload server is running on port 35729
2023-05-13 01:48:10.885  INFO 6172 --- [restartedMain] o.s.b.w.embedded.tomcat.TomcatWebServer  : Tomcat started on port(s): 8080 (http) with context path ''
2023-05-13 01:48:10.887  INFO 6172 --- [restartedMain] c.i.b.ZavrsniRadBackendApplication       : Started ZavrsniRadBackendApplication in 0.46 seconds (JVM running for 126.084)
2023-05-13 01:48:10.888  INFO 6172 --- [restartedMain] .ConditionEvaluationDeltaLoggingListener : Condition evaluation unchanged
2023-05-13 01:49:30.127  INFO 6172 --- [RMI TCP Connection(7)-127.0.0.1] inMXBeanRegistrar$SpringApplicationAdmin : Application shutdown requested.
2023-05-13 01:49:30.131  INFO 6172 --- [RMI TCP Connection(7)-127.0.0.1] o.apache.catalina.core.StandardService   : Stopping service [Tomcat]
2023-05-13 01:49:30.133  INFO 6172 --- [RMI TCP Connection(7)-127.0.0.1] j.LocalContainerEntityManagerFactoryBean : Closing JPA EntityManagerFactory for persistence unit 'default'
2023-05-13 01:49:30.134  INFO 6172 --- [RMI TCP Connection(7)-127.0.0.1] com.zaxxer.hikari.HikariDataSource       : HikariPool-2 - Shutdown initiated...
2023-05-13 01:49:30.135  INFO 6172 --- [RMI TCP Connection(7)-127.0.0.1] com.zaxxer.hikari.HikariDataSource       : HikariPool-2 - Shutdown completed.
2023-05-13 01:49:31.992  INFO 17320 --- [restartedMain] c.i.b.ZavrsniRadBackendApplication       : Starting ZavrsniRadBackendApplication using Java 17.0.6 on DESKTOP-IDPT4SL with PID 17320 (C:\Projects\workspaceIKTPreobuka\zavrsni_rad_backend\target\classes started by Pricamo in C:\Projects\workspaceIKTPreobuka\zavrsni_rad_backend)
2023-05-13 01:49:31.993  INFO 17320 --- [restartedMain] c.i.b.ZavrsniRadBackendApplication       : No active profile set, falling back to 1 default profile: "default"
2023-05-13 01:49:32.017  INFO 17320 --- [restartedMain] .e.DevToolsPropertyDefaultsPostProcessor : Devtools property defaults active! Set 'spring.devtools.add-properties' to 'false' to disable
2023-05-13 01:49:32.017  INFO 17320 --- [restartedMain] .e.DevToolsPropertyDefaultsPostProcessor : For additional web related logging consider setting the 'logging.level.web' property to 'DEBUG'
2023-05-13 01:49:32.337  INFO 17320 --- [restartedMain] .s.d.r.c.RepositoryConfigurationDelegate : Bootstrapping Spring Data JPA repositories in DEFAULT mode.
2023-05-13 01:49:32.379  INFO 17320 --- [restartedMain] .s.d.r.c.RepositoryConfigurationDelegate : Finished Spring Data repository scanning in 37 ms. Found 9 JPA repository interfaces.
2023-05-13 01:49:32.679  INFO 17320 --- [restartedMain] o.s.b.w.embedded.tomcat.TomcatWebServer  : Tomcat initialized with port(s): 8080 (http)
2023-05-13 01:49:32.684  INFO 17320 --- [restartedMain] o.apache.catalina.core.StandardService   : Starting service [Tomcat]
2023-05-13 01:49:32.685  INFO 17320 --- [restartedMain] org.apache.catalina.core.StandardEngine  : Starting Servlet engine: [Apache Tomcat/9.0.71]
2023-05-13 01:49:32.727  INFO 17320 --- [restartedMain] o.a.c.c.C.[Tomcat].[localhost].[/]       : Initializing Spring embedded WebApplicationContext
2023-05-13 01:49:32.727  INFO 17320 --- [restartedMain] w.s.c.ServletWebServerApplicationContext : Root WebApplicationContext: initialization completed in 709 ms
2023-05-13 01:49:32.970  INFO 17320 --- [restartedMain] com.zaxxer.hikari.HikariDataSource       : HikariPool-1 - Starting...
2023-05-13 01:49:33.133  INFO 17320 --- [restartedMain] com.zaxxer.hikari.HikariDataSource       : HikariPool-1 - Start completed.
2023-05-13 01:49:33.691  INFO 17320 --- [restartedMain] j.LocalContainerEntityManagerFactoryBean : Initialized JPA EntityManagerFactory for persistence unit 'default'
2023-05-13 01:49:33.927  WARN 17320 --- [restartedMain] JpaBaseConfiguration$JpaWebConfiguration : spring.jpa.open-in-view is enabled by default. Therefore, database queries may be performed during view rendering. Explicitly configure spring.jpa.open-in-view to disable this warning
2023-05-13 01:49:34.062  WARN 17320 --- [restartedMain] ion$DefaultTemplateResolverConfiguration : Cannot find template location: classpath:/templates/ (please add some templates, check your Thymeleaf configuration, or set spring.thymeleaf.check-template-location=false)
2023-05-13 01:49:34.111  INFO 17320 --- [restartedMain] o.s.b.d.a.OptionalLiveReloadServer       : LiveReload server is running on port 35729
2023-05-13 01:49:34.131  INFO 17320 --- [restartedMain] o.s.b.w.embedded.tomcat.TomcatWebServer  : Tomcat started on port(s): 8080 (http) with context path ''
2023-05-13 01:49:34.136  INFO 17320 --- [restartedMain] c.i.b.ZavrsniRadBackendApplication       : Started ZavrsniRadBackendApplication in 2.348 seconds (JVM running for 2.784)
2023-05-13 01:49:36.513  INFO 17320 --- [http-nio-8080-exec-1] o.a.c.c.C.[Tomcat].[localhost].[/]       : Initializing Spring DispatcherServlet 'dispatcherServlet'
2023-05-13 01:49:36.513  INFO 17320 --- [http-nio-8080-exec-1] o.s.web.servlet.DispatcherServlet        : Initializing Servlet 'dispatcherServlet'
2023-05-13 01:49:36.514  INFO 17320 --- [http-nio-8080-exec-1] o.s.web.servlet.DispatcherServlet        : Completed initialization in 1 ms
2023-05-13 01:49:36.610  INFO 17320 --- [http-nio-8080-exec-1] c.i.backend.services.PredmetServiceImpl  : poslat je zahtev za iscitavanje svih predmeta
2023-05-13 01:49:36.610  INFO 17320 --- [http-nio-8080-exec-1] c.i.b.controllers.PredmetControler       : predmeti su pronadjeni
2023-05-13 01:49:36.658  INFO 17320 --- [http-nio-8080-exec-2] c.i.backend.services.PredmetServiceImpl  : poslat je zahtev za iscitavanje svih predmeta
2023-05-13 01:49:36.658  INFO 17320 --- [http-nio-8080-exec-2] c.i.b.controllers.PredmetControler       : predmeti su pronadjeni
2023-05-13 01:51:33.722  INFO 17320 --- [http-nio-8080-exec-5] c.i.backend.services.PredmetServiceImpl  : poslat je zahtev za iscitavanje svih predmeta
2023-05-13 01:51:33.723  INFO 17320 --- [http-nio-8080-exec-5] c.i.b.controllers.PredmetControler       : predmeti su pronadjeni
2023-05-13 01:51:33.733  INFO 17320 --- [http-nio-8080-exec-6] c.i.backend.services.PredmetServiceImpl  : poslat je zahtev za iscitavanje svih predmeta
2023-05-13 01:51:33.733  INFO 17320 --- [http-nio-8080-exec-6] c.i.b.controllers.PredmetControler       : predmeti su pronadjeni
2023-05-13 01:51:42.830  INFO 17320 --- [RMI TCP Connection(4)-127.0.0.1] inMXBeanRegistrar$SpringApplicationAdmin : Application shutdown requested.
2023-05-13 01:51:42.835  INFO 17320 --- [RMI TCP Connection(4)-127.0.0.1] o.apache.catalina.core.StandardService   : Stopping service [Tomcat]
2023-05-13 01:51:42.835  INFO 17320 --- [RMI TCP Connection(4)-127.0.0.1] o.a.c.c.C.[Tomcat].[localhost].[/]       : Destroying Spring FrameworkServlet 'dispatcherServlet'
2023-05-13 01:51:42.841  INFO 17320 --- [RMI TCP Connection(4)-127.0.0.1] j.LocalContainerEntityManagerFactoryBean : Closing JPA EntityManagerFactory for persistence unit 'default'
2023-05-13 01:51:42.843  INFO 17320 --- [RMI TCP Connection(4)-127.0.0.1] com.zaxxer.hikari.HikariDataSource       : HikariPool-1 - Shutdown initiated...
2023-05-13 01:51:42.846  INFO 17320 --- [RMI TCP Connection(4)-127.0.0.1] com.zaxxer.hikari.HikariDataSource       : HikariPool-1 - Shutdown completed.
2023-05-13 01:54:59.252  INFO 4076 --- [restartedMain] c.i.b.ZavrsniRadBackendApplication       : Starting ZavrsniRadBackendApplication using Java 17.0.6 on DESKTOP-IDPT4SL with PID 4076 (C:\Projects\workspaceIKTPreobuka\zavrsni_rad_backend\target\classes started by Pricamo in C:\Projects\workspaceIKTPreobuka\zavrsni_rad_backend)
2023-05-13 01:54:59.252  INFO 4076 --- [restartedMain] c.i.b.ZavrsniRadBackendApplication       : No active profile set, falling back to 1 default profile: "default"
2023-05-13 01:54:59.277  INFO 4076 --- [restartedMain] .e.DevToolsPropertyDefaultsPostProcessor : Devtools property defaults active! Set 'spring.devtools.add-properties' to 'false' to disable
2023-05-13 01:54:59.277  INFO 4076 --- [restartedMain] .e.DevToolsPropertyDefaultsPostProcessor : For additional web related logging consider setting the 'logging.level.web' property to 'DEBUG'
2023-05-13 01:54:59.599  INFO 4076 --- [restartedMain] .s.d.r.c.RepositoryConfigurationDelegate : Bootstrapping Spring Data JPA repositories in DEFAULT mode.
2023-05-13 01:54:59.641  INFO 4076 --- [restartedMain] .s.d.r.c.RepositoryConfigurationDelegate : Finished Spring Data repository scanning in 38 ms. Found 9 JPA repository interfaces.
2023-05-13 01:54:59.942  INFO 4076 --- [restartedMain] o.s.b.w.embedded.tomcat.TomcatWebServer  : Tomcat initialized with port(s): 8080 (http)
2023-05-13 01:54:59.947  INFO 4076 --- [restartedMain] o.apache.catalina.core.StandardService   : Starting service [Tomcat]
2023-05-13 01:54:59.947  INFO 4076 --- [restartedMain] org.apache.catalina.core.StandardEngine  : Starting Servlet engine: [Apache Tomcat/9.0.71]
2023-05-13 01:54:59.990  INFO 4076 --- [restartedMain] o.a.c.c.C.[Tomcat].[localhost].[/]       : Initializing Spring embedded WebApplicationContext
2023-05-13 01:54:59.990  INFO 4076 --- [restartedMain] w.s.c.ServletWebServerApplicationContext : Root WebApplicationContext: initialization completed in 713 ms
2023-05-13 01:55:00.235  INFO 4076 --- [restartedMain] com.zaxxer.hikari.HikariDataSource       : HikariPool-1 - Starting...
2023-05-13 01:55:00.410  INFO 4076 --- [restartedMain] com.zaxxer.hikari.HikariDataSource       : HikariPool-1 - Start completed.
2023-05-13 01:55:00.966  INFO 4076 --- [restartedMain] j.LocalContainerEntityManagerFactoryBean : Initialized JPA EntityManagerFactory for persistence unit 'default'
2023-05-13 01:55:01.209  WARN 4076 --- [restartedMain] JpaBaseConfiguration$JpaWebConfiguration : spring.jpa.open-in-view is enabled by default. Therefore, database queries may be performed during view rendering. Explicitly configure spring.jpa.open-in-view to disable this warning
2023-05-13 01:55:01.343  WARN 4076 --- [restartedMain] ion$DefaultTemplateResolverConfiguration : Cannot find template location: classpath:/templates/ (please add some templates, check your Thymeleaf configuration, or set spring.thymeleaf.check-template-location=false)
2023-05-13 01:55:01.392  INFO 4076 --- [restartedMain] o.s.b.d.a.OptionalLiveReloadServer       : LiveReload server is running on port 35729
2023-05-13 01:55:01.412  INFO 4076 --- [restartedMain] o.s.b.w.embedded.tomcat.TomcatWebServer  : Tomcat started on port(s): 8080 (http) with context path ''
2023-05-13 01:55:01.418  INFO 4076 --- [restartedMain] c.i.b.ZavrsniRadBackendApplication       : Started ZavrsniRadBackendApplication in 2.366 seconds (JVM running for 2.767)
2023-05-13 01:55:03.580  INFO 4076 --- [http-nio-8080-exec-1] o.a.c.c.C.[Tomcat].[localhost].[/]       : Initializing Spring DispatcherServlet 'dispatcherServlet'
2023-05-13 01:55:03.580  INFO 4076 --- [http-nio-8080-exec-1] o.s.web.servlet.DispatcherServlet        : Initializing Servlet 'dispatcherServlet'
2023-05-13 01:55:03.581  INFO 4076 --- [http-nio-8080-exec-1] o.s.web.servlet.DispatcherServlet        : Completed initialization in 1 ms
2023-05-13 01:55:03.683  INFO 4076 --- [http-nio-8080-exec-1] c.i.backend.services.PredmetServiceImpl  : poslat je zahtev za iscitavanje svih predmeta
2023-05-13 01:55:03.684  INFO 4076 --- [http-nio-8080-exec-1] c.i.b.controllers.PredmetControler       : predmeti su pronadjeni
2023-05-13 01:55:03.731  INFO 4076 --- [http-nio-8080-exec-2] c.i.backend.services.PredmetServiceImpl  : poslat je zahtev za iscitavanje svih predmeta
2023-05-13 01:55:03.732  INFO 4076 --- [http-nio-8080-exec-2] c.i.b.controllers.PredmetControler       : predmeti su pronadjeni
2023-05-13 01:55:36.766  INFO 4076 --- [http-nio-8080-exec-3] c.i.backend.services.PredmetServiceImpl  : poslat je zahtev za iscitavanje svih predmeta
2023-05-13 01:55:36.766  INFO 4076 --- [http-nio-8080-exec-3] c.i.b.controllers.PredmetControler       : predmeti su pronadjeni
2023-05-13 01:55:36.776  INFO 4076 --- [http-nio-8080-exec-4] c.i.backend.services.PredmetServiceImpl  : poslat je zahtev za iscitavanje svih predmeta
2023-05-13 01:55:36.776  INFO 4076 --- [http-nio-8080-exec-4] c.i.b.controllers.PredmetControler       : predmeti su pronadjeni
2023-05-13 01:56:29.128  INFO 4076 --- [http-nio-8080-exec-7] c.i.backend.services.PredmetServiceImpl  : poslat je zahtev za cuvanje novog predmeta
2023-05-13 01:56:29.129  INFO 4076 --- [http-nio-8080-exec-7] c.i.b.controllers.PredmetControler       : napravljen je novi predmet
2023-05-13 01:56:32.383  INFO 4076 --- [http-nio-8080-exec-8] c.i.backend.services.PredmetServiceImpl  : poslat je zahtev za iscitavanje svih predmeta
2023-05-13 01:56:32.383  INFO 4076 --- [http-nio-8080-exec-8] c.i.b.controllers.PredmetControler       : predmeti su pronadjeni
2023-05-13 01:56:32.392  INFO 4076 --- [http-nio-8080-exec-9] c.i.backend.services.PredmetServiceImpl  : poslat je zahtev za iscitavanje svih predmeta
2023-05-13 01:56:32.392  INFO 4076 --- [http-nio-8080-exec-9] c.i.b.controllers.PredmetControler       : predmeti su pronadjeni
2023-05-13 02:02:55.456  INFO 4076 --- [RMI TCP Connection(11)-127.0.0.1] inMXBeanRegistrar$SpringApplicationAdmin : Application shutdown requested.
2023-05-13 02:02:55.460  INFO 4076 --- [RMI TCP Connection(11)-127.0.0.1] o.apache.catalina.core.StandardService   : Stopping service [Tomcat]
2023-05-13 02:02:55.461  INFO 4076 --- [RMI TCP Connection(11)-127.0.0.1] o.a.c.c.C.[Tomcat].[localhost].[/]       : Destroying Spring FrameworkServlet 'dispatcherServlet'
2023-05-13 02:02:55.465  INFO 4076 --- [RMI TCP Connection(11)-127.0.0.1] j.LocalContainerEntityManagerFactoryBean : Closing JPA EntityManagerFactory for persistence unit 'default'
2023-05-13 02:02:55.467  INFO 4076 --- [RMI TCP Connection(11)-127.0.0.1] com.zaxxer.hikari.HikariDataSource       : HikariPool-1 - Shutdown initiated...
2023-05-13 02:02:55.470  INFO 4076 --- [RMI TCP Connection(11)-127.0.0.1] com.zaxxer.hikari.HikariDataSource       : HikariPool-1 - Shutdown completed.
